<?xml version="1.0" encoding="UTF-8"?>
<!-- Generated by org.testng.reporters.JUnitXMLReporter -->
<testsuite ignored="12" hostname="DESKTOP-F8I6CN8" failures="0" tests="1" name="Default test" time="73.009" errors="0" timestamp="2024-11-07T21:56:49 AST">
  <testcase classname="automation_practice.MyTestCases" name="iFrame" time="8.561"/>
  <testcase classname="automation_practice.MyTestCases" name="autoCompleteTest" time="0.0">
    <ignored/>
  </testcase> <!-- autoCompleteTest -->
  <testcase classname="automation_practice.MyTestCases" name="switchWindows" time="0.0">
    <ignored/>
  </testcase> <!-- switchWindows -->
  <testcase classname="automation_practice.MyTestCases" name="switchTABS" time="0.0">
    <ignored/>
  </testcase> <!-- switchTABS -->
  <testcase classname="automation_practice.MyTestCases" name="staticList" time="0.0">
    <ignored/>
  </testcase> <!-- staticList -->
  <testcase classname="automation_practice.MyTestCases" name="ElementDisplayed" time="0.0">
    <ignored/>
  </testcase> <!-- ElementDisplayed -->
  <testcase classname="automation_practice.MyTestCases" name="Checkbox" time="0.0">
    <ignored/>
  </testcase> <!-- Checkbox -->
  <testcase classname="automation_practice.MyTestCases" name="radioButtonTest" time="0.0">
    <ignored/>
  </testcase> <!-- radioButtonTest -->
  <testcase classname="automation_practice.MyTestCases" name="MouseHover" time="0.0">
    <ignored/>
  </testcase> <!-- MouseHover -->
  <testcase classname="automation_practice.MyTestCases" name="Enabled_Disabled" time="0.0">
    <ignored/>
  </testcase> <!-- Enabled_Disabled -->
  <testcase classname="automation_practice.MyTestCases" name="alertTest" time="0.0">
    <ignored/>
  </testcase> <!-- alertTest -->
  <testcase classname="automation_practice.MyTestCases" name="calenderBtn" time="0.0">
    <ignored/>
  </testcase> <!-- calenderBtn -->
  <testcase classname="automation_practice.MyTestCases" name="TableExample" time="0.0">
    <ignored/>
  </testcase> <!-- TableExample -->
</testsuite> <!-- Default test -->
