<?xml version="1.0" encoding="UTF-8"?>
<testng-results ignored="12" total="13" passed="1" failed="0" skipped="0">
  <reporter-output>
  </reporter-output>
  <suite started-at="2024-11-07T21:55:36 AST" name="Default suite" finished-at="2024-11-07T21:56:49 AST" duration-ms="73009">
    <groups>
    </groups>
    <test started-at="2024-11-07T21:55:36 AST" name="Default test" finished-at="2024-11-07T21:56:49 AST" duration-ms="73009">
      <class name="automation_practice.MyTestCases">
        <test-method is-config="true" signature="setup()[pri:0, instance:automation_practice.MyTestCases@2002348]" started-at="2024-11-07T21:55:36 AST" name="setup" finished-at="2024-11-07T21:56:40 AST" duration-ms="64407" status="PASS">
          <reporter-output>
          </reporter-output>
        </test-method> <!-- setup -->
        <test-method signature="iFrame()[pri:13, instance:automation_practice.MyTestCases@2002348]" started-at="2024-11-07T21:56:40 AST" name="iFrame" finished-at="2024-11-07T21:56:49 AST" duration-ms="8561" status="PASS">
          <reporter-output>
          </reporter-output>
        </test-method> <!-- iFrame -->
      </class> <!-- automation_practice.MyTestCases -->
    </test> <!-- Default test -->
  </suite> <!-- Default suite -->
</testng-results>
